root@m11-lab:/home/m11/m11-lab/ops/ovs# ps aux | grep ovn | grep monitoring
root     11616  0.0  0.2  29476  2308 ?        S<s  23:16   0:00 ovn-controller-vtep: monitoring pid 11617 (healthy)
root     11688  0.0  0.2  27340  2244 ?        S<s  23:16   0:00 ovn-controller: monitoring pid 11689 (healthy)
root     11785  0.0  0.2  27320  2264 ?        S<s  23:16   0:00 ovn-northd: monitoring pid 11786 (healthy)
root@m11-lab:/home/m11/m11-lab/ops/ovs# ps aux | grep ovs | grep monitoring
root     10741  0.0  0.2  27028  2220 ?        S<s  23:16   0:00 ovsdb-server: monitoring pid 10742 (healthy)
root     10752  0.0  0.2  29524  2220 ?        S<s  23:16   0:00 ovs-vswitchd: monitoring pid 10753 (healthy)
root     11771  0.0  0.2  27028  2192 ?        Ss   23:16   0:00 ovsdb-server: monitoring pid 11772 (healthy)
root     11779  0.0  0.2  27028  2248 ?        Ss   23:16   0:00 ovsdb-server: monitoring pid 11780 (healthy)
root@m11-lab:/home/m11/m11-lab/ops/ovs# 

root@m11-lab:/home/m11/m11-lab/ops/ovs/ovn# ps aux | grep -E 'ovn|ovs'
root     10741  0.0  0.2  27028  2216 ?        S<s  8月19   0:00 ovsdb-server: monitoring pid 10742 (healthy)
root     10742  0.0  0.5  27400  5836 ?        S<   8月19   0:00 ovsdb-server /etc/openvswitch/conf.db -vconsole:emer -vsyslog:err -vfile:info --remote=punix:/var/run/openvswitch/db.sock --private-key=db:Open_vSwitch,SSL,private_key --certificate=db:Open_vSwitch,SSL,certificate --bootstrap-ca-cert=db:Open_vSwitch,SSL,ca_cert --no-chdir --log-file=/var/log/openvswitch/ovsdb-server.log --pidfile=/var/run/openvswitch/ovsdb-server.pid --detach --monitor
root     10752  0.0  0.2  29524  2220 ?        S<s  8月19   0:00 ovs-vswitchd: monitoring pid 10753 (healthy)
root     10753  0.1  3.3 251220 34088 ?        S<Ll 8月19   0:04 ovs-vswitchd unix:/var/run/openvswitch/db.sock -vconsole:emer -vsyslog:err -vfile:info --mlockall --no-chdir --log-file=/var/log/openvswitch/ovs-vswitchd.log --pidfile=/var/run/openvswitch/ovs-vswitchd.pid --detach --monitor
root     11616  0.0  0.2  29476  2304 ?        S<s  8月19   0:00 ovn-controller-vtep: monitoring pid 11617 (healthy)
root     11617  0.0  0.2  29476  2948 ?        S<   8月19   0:00 ovn-controller-vtep unix:/var/run/openvswitch/db.sock -vconsole:emer -vsyslog:err -vfile:info --no-chdir --log-file=/var/log/openvswitch/ovn-controller-vtep.log --pidfile=/var/run/openvswitch/ovn-controller-vtep.pid --detach --monitor
root     11688  0.0  0.2  27340  2244 ?        S<s  8月19   0:00 ovn-controller: monitoring pid 11689 (healthy)
root     11689  0.0  0.4  27712  4752 ?        S<   8月19   0:00 ovn-controller unix:/var/run/openvswitch/db.sock -vconsole:emer -vsyslog:err -vfile:info --no-chdir --log-file=/var/log/openvswitch/ovn-controller.log --pidfile=/var/run/openvswitch/ovn-controller.pid --detach --monitor
root     11771  0.0  0.2  27028  2188 ?        Ss   8月19   0:00 ovsdb-server: monitoring pid 11772 (healthy)
root     11772  0.0  0.5  27284  5680 ?        S    8月19   0:00 ovsdb-server --detach --monitor -vconsole:off --log-file=/var/log/openvswitch/ovsdb-server-nb.log --remote=punix:/var/run/openvswitch/ovnnb_db.sock --pidfile=/var/run/openvswitch/ovnnb_db.pid --remote=db:OVN_Northbound,NB_Global,connections --unixctl=ovnnb_db.ctl --private-key=db:OVN_Northbound,SSL,private_key --certificate=db:OVN_Northbound,SSL,certificate --ca-cert=db:OVN_Northbound,SSL,ca_cert /etc/openvswitch/ovnnb_db.db
root     11779  0.0  0.2  27028  2244 ?        Ss   8月19   0:00 ovsdb-server: monitoring pid 11780 (healthy)
root     11780  0.0  0.5  27420  5688 ?        S    8月19   0:00 ovsdb-server --detach --monitor -vconsole:off --log-file=/var/log/openvswitch/ovsdb-server-sb.log --remote=punix:/var/run/openvswitch/ovnsb_db.sock --pidfile=/var/run/openvswitch/ovnsb_db.pid --remote=db:OVN_Southbound,SB_Global,connections --unixctl=ovnsb_db.ctl --private-key=db:OVN_Southbound,SSL,private_key --certificate=db:OVN_Southbound,SSL,certificate --ca-cert=db:OVN_Southbound,SSL,ca_cert /etc/openvswitch/ovnsb_db.db
root     11785  0.0  0.2  27320  2264 ?        S<s  8月19   0:00 ovn-northd: monitoring pid 11786 (healthy)
root     11786  0.0  0.4  27452  4064 ?        S<   8月19   0:00 ovn-northd -vconsole:emer -vsyslog:err -vfile:info --ovnnb-db=unix:/var/run/openvswitch/ovnnb_db.sock --ovnsb-db=unix:/var/run/openvswitch/ovnsb_db.sock --no-chdir --log-file=/var/log/openvswitch/ovn-northd.log --pidfile=/var/run/openvswitch/ovn-northd.pid --detach --monitor
root     13159  0.0  0.1  21712  1024 pts/4    S+   00:09   0:00 grep --color=auto -E ovn|ovs
root@m11-lab:/home/m11/m11-lab/ops/ovs/ovn# 